<?xml version="1.0" encoding="UTF-8"?>
<!-- Generated by org.testng.reporters.JUnitXMLReporter -->
<testsuite hostname="LAPTOP-NCEIQM2B" ignored="7" name="Back Office User Functionality" tests="10" failures="1" timestamp="04 Oct 2018 07:14:16 GMT" time="80.533" errors="0">
  <testcase name="verifyLogIn" time="9.978" classname="Tests.Smoke.Myprofilehelp.TestMyProfile"/>
  <testcase name="merchantCreation" time="51.637" classname="Tests.Smoke.Merchants.TestMerchantCreation"/>
  <testcase name="verifyThatBothSourceAndDestinationCannotBeMerchant" time="2.137" classname="Tests.Smoke.EmoneyManagement.TestAdminTransfer"/>
  <testcase name="verifyThatSourceAndDestinationCannotBeEqual" time="0.622" classname="Tests.Smoke.EmoneyManagement.TestAdminTransfer"/>
  <testcase name="verifyThatAdminTransferCanBeApproved" time="5.706" classname="Tests.Smoke.EmoneyManagement.TestAdminTransfer"/>
  <testcase name="verifySuccessfulConfirmationOfAdminReverse" time="4.702" classname="Tests.Smoke.EmoneyManagement.TestAdminReverse"/>
  <testcase name="verifyThatConfirmedAdminReverseCantBeReversedAgain" time="1.237" classname="Tests.Smoke.EmoneyManagement.TestAdminReverse"/>
  <testcase name="verifySuccessfulRejectionOfAdminReverse" time="4.154" classname="Tests.Smoke.EmoneyManagement.TestAdminReverse">
    <failure type="org.openqa.selenium.StaleElementReferenceException" message="stale element reference: element is not attached to the page document
  (Session info: chrome=69.0.3497.100)
  (Driver info: chromedriver=2.41.578737 (49da6702b16031c40d63e5618de03a32ff6c197e),platform=Windows NT 10.0.17134 x86_64) (WARNING: The server did not provide any stacktrace information)
Command duration or timeout: 0 milliseconds
For documentation on this error, please visit: http://seleniumhq.org/exceptions/stale_element_reference.html
Build info: version: &amp;apos;3.14.0&amp;apos;, revision: &amp;apos;aacccce0&amp;apos;, time: &amp;apos;2018-08-02T20:19:58.91Z&amp;apos;
System info: host: &amp;apos;LAPTOP-NCEIQM2B&amp;apos;, ip: &amp;apos;192.168.88.15&amp;apos;, os.name: &amp;apos;Windows 10&amp;apos;, os.arch: &amp;apos;amd64&amp;apos;, os.version: &amp;apos;10.0&amp;apos;, java.version: &amp;apos;1.8.0_181&amp;apos;
Driver info: org.openqa.selenium.chrome.ChromeDriver
Capabilities {acceptInsecureCerts: false, acceptSslCerts: false, applicationCacheEnabled: false, browserConnectionEnabled: false, browserName: chrome, chrome: {chromedriverVersion: 2.41.578737 (49da6702b16031..., userDataDir: C:\Users\ilona\AppData\Loca...}, cssSelectorsEnabled: true, databaseEnabled: false, goog:chromeOptions: {debuggerAddress: localhost:56918}, handlesAlerts: true, hasTouchScreen: false, javascriptEnabled: true, locationContextEnabled: true, mobileEmulationEnabled: false, nativeEvents: true, networkConnectionEnabled: false, pageLoadStrategy: normal, platform: XP, platformName: XP, rotatable: false, setWindowRect: true, takesHeapSnapshot: true, takesScreenshot: true, unexpectedAlertBehaviour: , unhandledPromptBehavior: , version: 69.0.3497.100, webStorageEnabled: true}
Session ID: 61fa1aee827b2d59a712ce0049f24d88">
      <![CDATA[org.openqa.selenium.StaleElementReferenceException: stale element reference: element is not attached to the page document
  (Session info: chrome=69.0.3497.100)
  (Driver info: chromedriver=2.41.578737 (49da6702b16031c40d63e5618de03a32ff6c197e),platform=Windows NT 10.0.17134 x86_64) (WARNING: The server did not provide any stacktrace information)
Command duration or timeout: 0 milliseconds
For documentation on this error, please visit: http://seleniumhq.org/exceptions/stale_element_reference.html
Build info: version: '3.14.0', revision: 'aacccce0', time: '2018-08-02T20:19:58.91Z'
System info: host: 'LAPTOP-NCEIQM2B', ip: '192.168.88.15', os.name: 'Windows 10', os.arch: 'amd64', os.version: '10.0', java.version: '1.8.0_181'
Driver info: org.openqa.selenium.chrome.ChromeDriver
Capabilities {acceptInsecureCerts: false, acceptSslCerts: false, applicationCacheEnabled: false, browserConnectionEnabled: false, browserName: chrome, chrome: {chromedriverVersion: 2.41.578737 (49da6702b16031..., userDataDir: C:\Users\ilona\AppData\Loca...}, cssSelectorsEnabled: true, databaseEnabled: false, goog:chromeOptions: {debuggerAddress: localhost:56918}, handlesAlerts: true, hasTouchScreen: false, javascriptEnabled: true, locationContextEnabled: true, mobileEmulationEnabled: false, nativeEvents: true, networkConnectionEnabled: false, pageLoadStrategy: normal, platform: XP, platformName: XP, rotatable: false, setWindowRect: true, takesHeapSnapshot: true, takesScreenshot: true, unexpectedAlertBehaviour: , unhandledPromptBehavior: , version: 69.0.3497.100, webStorageEnabled: true}
Session ID: 61fa1aee827b2d59a712ce0049f24d88
at org.openqa.selenium.remote.ErrorHandler.createThrowable(ErrorHandler.java:214)
at org.openqa.selenium.remote.ErrorHandler.throwIfResponseFailed(ErrorHandler.java:166)
at org.openqa.selenium.remote.http.JsonHttpResponseCodec.reconstructValue(JsonHttpResponseCodec.java:40)
at org.openqa.selenium.remote.http.AbstractHttpResponseCodec.decode(AbstractHttpResponseCodec.java:80)
at org.openqa.selenium.remote.http.AbstractHttpResponseCodec.decode(AbstractHttpResponseCodec.java:44)
at org.openqa.selenium.remote.HttpCommandExecutor.execute(HttpCommandExecutor.java:158)
at org.openqa.selenium.remote.service.DriverCommandExecutor.execute(DriverCommandExecutor.java:83)
at org.openqa.selenium.remote.RemoteWebDriver.execute(RemoteWebDriver.java:548)
at org.openqa.selenium.remote.RemoteWebDriver.executeScript(RemoteWebDriver.java:485)
at Functions.EmoneyManagement.AdminReverse.AdminReversePending.setCommentsForRejection(AdminReversePending.java:72)
at Tests.Smoke.EmoneyManagement.TestAdminReverse.verifySuccessfulRejectionOfAdminReverse(TestAdminReverse.java:81)
... Removed 28 stack frames]]>
    </failure>
  </testcase> <!-- verifySuccessfulRejectionOfAdminReverse -->
  <testcase name="verifyThatRejectedReverseCanBeReversedAndConfirmedAgain" time="0.0" classname="Tests.Smoke.EmoneyManagement.TestAdminReverse">
    <skipped/>
  </testcase> <!-- verifyThatRejectedReverseCanBeReversedAndConfirmedAgain -->
  <testcase name="verifySuccessfullCreationOfRetirementWithExactAmount" time="0.0" classname="Tests.Smoke.EmoneyManagement.TestManualRetirement">
    <skipped/>
  </testcase> <!-- verifySuccessfullCreationOfRetirementWithExactAmount -->
  <testcase name="verifyThatPasswordIsNotChangedIfNewPasswordIsAsPreviousOne" time="0.0" classname="Tests.Smoke.Myprofilehelp.TestMyProfile">
    <ignored/>
  </testcase> <!-- verifyThatPasswordIsNotChangedIfNewPasswordIsAsPreviousOne -->
  <testcase name="verifyAbilityToChangePassword" time="0.0" classname="Tests.Smoke.Myprofilehelp.TestMyProfile">
    <ignored/>
  </testcase> <!-- verifyAbilityToChangePassword -->
  <testcase name="@BeforeSuite setUp" time="0.0" classname="BrowserSettings.BrowserSettings">
    <ignored/>
  </testcase> <!-- @BeforeSuite setUp -->
  <testcase name="@BeforeSuite setUp" time="0.0" classname="BrowserSettings.BrowserSettings">
    <ignored/>
  </testcase> <!-- @BeforeSuite setUp -->
  <testcase name="@BeforeSuite setUp" time="0.0" classname="BrowserSettings.BrowserSettings">
    <ignored/>
  </testcase> <!-- @BeforeSuite setUp -->
  <testcase name="@BeforeSuite setUp" time="0.0" classname="BrowserSettings.BrowserSettings">
    <ignored/>
  </testcase> <!-- @BeforeSuite setUp -->
  <testcase name="verifyThatPasswordIsNotChangedIfOldPasswordIsInvalid" time="0.0" classname="Tests.Smoke.Myprofilehelp.TestMyProfile">
    <ignored/>
  </testcase> <!-- verifyThatPasswordIsNotChangedIfOldPasswordIsInvalid -->
</testsuite> <!-- Back Office User Functionality -->
